{"obj": {"type": "AssignString", "path": ["sys", "name"], "value": "Untitled"}, "version": 1}
{"obj": {"type": "AssignString", "path": ["sys", "description"], "value": ""}, "version": 2}
{"obj": {"type": "AssignString", "path": ["sys", "hostname"], "value": "LaptopAdrien"}, "version": 3}
{"obj": {"type": "AssignBool", "path": ["sys", "failed"], "value": false}, "version": 4}
{"obj": {"type": "AssignString", "path": ["source_code", "entrypoint"], "value": "main.py"}, "version": 5}
{"obj": {"type": "UploadFileSet", "path": ["source_code", "files"], "file_globs": ["/mnt/c/Users/adywi/OneDrive - unige.ch/Documents/Sarcasm_experiment/Brain_DeepLearning/Brain_Irony_Swift/main.py"], "reset": "False"}, "version": 6}
{"obj": {"type": "AssignString", "path": ["source_code", "integrations", "pytorch-lightning"], "value": "1.9.1"}, "version": 7}
{"obj": {"type": "AssignInt", "path": ["training", "hyperparams", "seed"], "value": 1}, "version": 8}
{"obj": {"type": "AssignString", "path": ["training", "hyperparams", "downstream_task"], "value": "literal"}, "version": 9}
{"obj": {"type": "AssignString", "path": ["training", "hyperparams", "downstream_task_type"], "value": "classification"}, "version": 10}
{"obj": {"type": "AssignString", "path": ["training", "hyperparams", "classifier_module"], "value": "v6"}, "version": 11}
{"obj": {"type": "AssignString", "path": ["training", "hyperparams", "loggername"], "value": "neptune"}, "version": 12}
{"obj": {"type": "AssignString", "path": ["training", "hyperparams", "project_name"], "value": "BrainDeepLearning/Brain-DeepLearning"}, "version": 13}
{"obj": {"type": "AssignString", "path": ["training", "hyperparams", "resume_ckpt_path"], "value": "None"}, "version": 14}
{"obj": {"type": "AssignString", "path": ["training", "hyperparams", "load_model_path"], "value": "None"}, "version": 15}
{"obj": {"type": "AssignBool", "path": ["training", "hyperparams", "test_only"], "value": false}, "version": 16}
{"obj": {"type": "AssignString", "path": ["training", "hyperparams", "test_ckpt_path"], "value": "None"}, "version": 17}
{"obj": {"type": "AssignBool", "path": ["training", "hyperparams", "freeze_feature_extractor"], "value": false}, "version": 18}
{"obj": {"type": "AssignBool", "path": ["training", "hyperparams", "grad_clip"], "value": false}, "version": 19}
{"obj": {"type": "AssignString", "path": ["training", "hyperparams", "optimizer"], "value": "AdamW"}, "version": 20}
{"obj": {"type": "AssignBool", "path": ["training", "hyperparams", "use_scheduler"], "value": false}, "version": 21}
{"obj": {"type": "AssignFloat", "path": ["training", "hyperparams", "weight_decay"], "value": 0.01}, "version": 22}
{"obj": {"type": "AssignFloat", "path": ["training", "hyperparams", "learning_rate"], "value": 5e-05}, "version": 23}
{"obj": {"type": "AssignInt", "path": ["training", "hyperparams", "momentum"], "value": 0}, "version": 24}
{"obj": {"type": "AssignFloat", "path": ["training", "hyperparams", "gamma"], "value": 1.0}, "version": 25}
{"obj": {"type": "AssignFloat", "path": ["training", "hyperparams", "cycle"], "value": 0.3}, "version": 26}
{"obj": {"type": "AssignString", "path": ["training", "hyperparams", "milestones"], "value": "[100, 150]"}, "version": 27}
{"obj": {"type": "AssignBool", "path": ["training", "hyperparams", "adjust_thresh"], "value": false}, "version": 28}
{"obj": {"type": "AssignBool", "path": ["training", "hyperparams", "use_contrastive"], "value": false}, "version": 29}
{"obj": {"type": "AssignInt", "path": ["training", "hyperparams", "contrastive_type"], "value": 0}, "version": 30}
{"obj": {"type": "AssignBool", "path": ["training", "hyperparams", "pretraining"], "value": false}, "version": 31}
{"obj": {"type": "AssignBool", "path": ["training", "hyperparams", "augment_during_training"], "value": false}, "version": 32}
{"obj": {"type": "AssignBool", "path": ["training", "hyperparams", "augment_only_affine"], "value": false}, "version": 33}
{"obj": {"type": "AssignBool", "path": ["training", "hyperparams", "augment_only_intensity"], "value": false}, "version": 34}
{"obj": {"type": "AssignFloat", "path": ["training", "hyperparams", "temperature"], "value": 0.1}, "version": 35}
{"obj": {"type": "AssignString", "path": ["training", "hyperparams", "model"], "value": "swin4d_ver7"}, "version": 36}
{"obj": {"type": "AssignInt", "path": ["training", "hyperparams", "in_chans"], "value": 1}, "version": 37}
{"obj": {"type": "AssignInt", "path": ["training", "hyperparams", "embed_dim"], "value": 36}, "version": 38}
{"obj": {"type": "AssignString", "path": ["training", "hyperparams", "window_size"], "value": "[4, 4, 4, 4]"}, "version": 39}
{"obj": {"type": "AssignString", "path": ["training", "hyperparams", "first_window_size"], "value": "[4, 4, 4, 4]"}, "version": 40}
{"obj": {"type": "AssignString", "path": ["training", "hyperparams", "patch_size"], "value": "[6, 6, 6, 1]"}, "version": 41}
{"obj": {"type": "AssignString", "path": ["training", "hyperparams", "depths"], "value": "[2, 2, 6, 2]"}, "version": 42}
{"obj": {"type": "AssignString", "path": ["training", "hyperparams", "num_heads"], "value": "[3, 6, 12, 24]"}, "version": 43}
{"obj": {"type": "AssignInt", "path": ["training", "hyperparams", "c_multiplier"], "value": 2}, "version": 44}
{"obj": {"type": "AssignBool", "path": ["training", "hyperparams", "last_layer_full_MSA"], "value": true}, "version": 45}
{"obj": {"type": "AssignString", "path": ["training", "hyperparams", "clf_head_version"], "value": "v1"}, "version": 46}
{"obj": {"type": "AssignInt", "path": ["training", "hyperparams", "attn_drop_rate"], "value": 0}, "version": 47}
{"obj": {"type": "AssignBool", "path": ["training", "hyperparams", "scalability_check"], "value": false}, "version": 48}
{"obj": {"type": "AssignString", "path": ["training", "hyperparams", "process_code"], "value": "None"}, "version": 49}
{"obj": {"type": "AssignInt", "path": ["training", "hyperparams", "dataset_split_num"], "value": 1}, "version": 50}
{"obj": {"type": "AssignString", "path": ["training", "hyperparams", "image_path"], "value": "data"}, "version": 51}
{"obj": {"type": "AssignFloat", "path": ["training", "hyperparams", "train_split"], "value": 0.3333333333333333}, "version": 52}
{"obj": {"type": "AssignFloat", "path": ["training", "hyperparams", "val_split"], "value": 0.3333333333333333}, "version": 53}
{"obj": {"type": "AssignInt", "path": ["training", "hyperparams", "batch_size"], "value": 4}, "version": 54}
{"obj": {"type": "AssignInt", "path": ["training", "hyperparams", "eval_batch_size"], "value": 16}, "version": 55}
{"obj": {"type": "AssignString", "path": ["training", "hyperparams", "img_size"], "value": "[96, 96, 96, 12]"}, "version": 56}
{"obj": {"type": "AssignInt", "path": ["training", "hyperparams", "max_length"], "value": 12}, "version": 57}
{"obj": {"type": "AssignBool", "path": ["training", "hyperparams", "use_custom_max_length"], "value": false}, "version": 58}
{"obj": {"type": "AssignInt", "path": ["training", "hyperparams", "num_workers"], "value": 2}, "version": 59}
{"obj": {"type": "AssignString", "path": ["training", "hyperparams", "limit_training_samples"], "value": "None"}, "version": 60}
{"obj": {"type": "AssignString", "path": ["training", "hyperparams", "label_scaling_method"], "value": "standardization"}, "version": 61}
{"obj": {"type": "AssignBool", "path": ["training", "hyperparams", "logger"], "value": true}, "version": 62}
{"obj": {"type": "AssignBool", "path": ["training", "hyperparams", "enable_checkpointing"], "value": true}, "version": 63}
{"obj": {"type": "AssignString", "path": ["training", "hyperparams", "default_root_dir"], "value": "output/BrainDeepLearning/Brain-DeepLearning"}, "version": 64}
{"obj": {"type": "AssignString", "path": ["training", "hyperparams", "gradient_clip_val"], "value": "None"}, "version": 65}
{"obj": {"type": "AssignString", "path": ["training", "hyperparams", "gradient_clip_algorithm"], "value": "None"}, "version": 66}
{"obj": {"type": "AssignInt", "path": ["training", "hyperparams", "num_nodes"], "value": 1}, "version": 67}
{"obj": {"type": "AssignString", "path": ["training", "hyperparams", "num_processes"], "value": "None"}, "version": 68}
{"obj": {"type": "AssignString", "path": ["training", "hyperparams", "devices"], "value": "1"}, "version": 69}
{"obj": {"type": "AssignString", "path": ["training", "hyperparams", "gpus"], "value": "None"}, "version": 70}
{"obj": {"type": "AssignString", "path": ["training", "hyperparams", "auto_select_gpus"], "value": "None"}, "version": 71}
{"obj": {"type": "AssignString", "path": ["training", "hyperparams", "tpu_cores"], "value": "None"}, "version": 72}
{"obj": {"type": "AssignString", "path": ["training", "hyperparams", "ipus"], "value": "None"}, "version": 73}
{"obj": {"type": "AssignBool", "path": ["training", "hyperparams", "enable_progress_bar"], "value": true}, "version": 74}
{"obj": {"type": "AssignFloat", "path": ["training", "hyperparams", "overfit_batches"], "value": 0.0}, "version": 75}
{"obj": {"type": "AssignInt", "path": ["training", "hyperparams", "track_grad_norm"], "value": -1}, "version": 76}
{"obj": {"type": "AssignInt", "path": ["training", "hyperparams", "check_val_every_n_epoch"], "value": 1}, "version": 77}
{"obj": {"type": "AssignBool", "path": ["training", "hyperparams", "fast_dev_run"], "value": false}, "version": 78}
{"obj": {"type": "AssignString", "path": ["training", "hyperparams", "accumulate_grad_batches"], "value": "None"}, "version": 79}
{"obj": {"type": "AssignInt", "path": ["training", "hyperparams", "max_epochs"], "value": 10}, "version": 80}
{"obj": {"type": "AssignString", "path": ["training", "hyperparams", "min_epochs"], "value": "None"}, "version": 81}
{"obj": {"type": "AssignInt", "path": ["training", "hyperparams", "max_steps"], "value": -1}, "version": 82}
{"obj": {"type": "AssignString", "path": ["training", "hyperparams", "min_steps"], "value": "None"}, "version": 83}
{"obj": {"type": "AssignString", "path": ["training", "hyperparams", "max_time"], "value": "None"}, "version": 84}
{"obj": {"type": "AssignString", "path": ["training", "hyperparams", "limit_train_batches"], "value": "None"}, "version": 85}
{"obj": {"type": "AssignString", "path": ["training", "hyperparams", "limit_val_batches"], "value": "None"}, "version": 86}
{"obj": {"type": "AssignString", "path": ["training", "hyperparams", "limit_test_batches"], "value": "None"}, "version": 87}
{"obj": {"type": "AssignString", "path": ["training", "hyperparams", "limit_predict_batches"], "value": "None"}, "version": 88}
{"obj": {"type": "AssignString", "path": ["training", "hyperparams", "val_check_interval"], "value": "None"}, "version": 89}
{"obj": {"type": "AssignInt", "path": ["training", "hyperparams", "log_every_n_steps"], "value": 50}, "version": 90}
{"obj": {"type": "AssignString", "path": ["training", "hyperparams", "accelerator"], "value": "gpu"}, "version": 91}
{"obj": {"type": "AssignString", "path": ["training", "hyperparams", "strategy"], "value": "None"}, "version": 92}
{"obj": {"type": "AssignBool", "path": ["training", "hyperparams", "sync_batchnorm"], "value": false}, "version": 93}
{"obj": {"type": "AssignInt", "path": ["training", "hyperparams", "precision"], "value": 16}, "version": 94}
{"obj": {"type": "AssignBool", "path": ["training", "hyperparams", "enable_model_summary"], "value": true}, "version": 95}
{"obj": {"type": "AssignInt", "path": ["training", "hyperparams", "num_sanity_val_steps"], "value": 2}, "version": 96}
{"obj": {"type": "AssignString", "path": ["training", "hyperparams", "resume_from_checkpoint"], "value": "None"}, "version": 97}
{"obj": {"type": "AssignString", "path": ["training", "hyperparams", "profiler"], "value": "None"}, "version": 98}
{"obj": {"type": "AssignString", "path": ["training", "hyperparams", "benchmark"], "value": "None"}, "version": 99}
{"obj": {"type": "AssignInt", "path": ["training", "hyperparams", "reload_dataloaders_every_n_epochs"], "value": 0}, "version": 100}
{"obj": {"type": "AssignBool", "path": ["training", "hyperparams", "auto_lr_find"], "value": false}, "version": 101}
{"obj": {"type": "AssignBool", "path": ["training", "hyperparams", "replace_sampler_ddp"], "value": true}, "version": 102}
{"obj": {"type": "AssignBool", "path": ["training", "hyperparams", "detect_anomaly"], "value": false}, "version": 103}
{"obj": {"type": "AssignBool", "path": ["training", "hyperparams", "auto_scale_batch_size"], "value": false}, "version": 104}
{"obj": {"type": "AssignString", "path": ["training", "hyperparams", "plugins"], "value": "None"}, "version": 105}
{"obj": {"type": "AssignString", "path": ["training", "hyperparams", "amp_backend"], "value": "None"}, "version": 106}
{"obj": {"type": "AssignString", "path": ["training", "hyperparams", "amp_level"], "value": "None"}, "version": 107}
{"obj": {"type": "AssignBool", "path": ["training", "hyperparams", "move_metrics_to_cpu"], "value": false}, "version": 108}
{"obj": {"type": "AssignString", "path": ["training", "hyperparams", "multiple_trainloader_mode"], "value": "max_size_cycle"}, "version": 109}
{"obj": {"type": "AssignBool", "path": ["training", "hyperparams", "inference_mode"], "value": true}, "version": 110}
{"obj": {"type": "AssignString", "path": ["training", "hyperparams", "id"], "value": "BRAIN-1"}, "version": 111}
{"obj": {"type": "LogFloats", "path": ["training", "lr-AdamW"], "values": [{"value": 5e-05, "step": null, "ts": 1730743052.1664016}]}, "version": 112}
{"obj": {"type": "LogFloats", "path": ["training", "train_loss_step"], "values": [{"value": 0.7241169810295105, "step": null, "ts": 1730743052.365383}]}, "version": 113}
{"obj": {"type": "LogFloats", "path": ["training", "train_acc_step"], "values": [{"value": 0.5, "step": null, "ts": 1730743052.36681}]}, "version": 114}
{"obj": {"type": "LogFloats", "path": ["training", "epoch"], "values": [{"value": 0.0, "step": null, "ts": 1730743052.3680696}]}, "version": 115}
{"obj": {"type": "LogFloats", "path": ["training", "valid_acc"], "values": [{"value": 1.0, "step": null, "ts": 1730743079.0873}]}, "version": 116}
{"obj": {"type": "LogFloats", "path": ["training", "valid_balacc"], "values": [{"value": 1.0, "step": null, "ts": 1730743079.0933733}]}, "version": 117}
{"obj": {"type": "LogFloats", "path": ["training", "valid_AUROC"], "values": [{"value": 0.0, "step": null, "ts": 1730743079.0987115}]}, "version": 118}
{"obj": {"type": "LogFloats", "path": ["training", "test_acc"], "values": [{"value": 1.0, "step": null, "ts": 1730743079.103956}]}, "version": 119}
{"obj": {"type": "LogFloats", "path": ["training", "test_balacc"], "values": [{"value": 1.0, "step": null, "ts": 1730743079.1052692}]}, "version": 120}
{"obj": {"type": "LogFloats", "path": ["training", "test_AUROC"], "values": [{"value": 0.0, "step": null, "ts": 1730743079.1064517}]}, "version": 121}
{"obj": {"type": "LogFloats", "path": ["training", "epoch"], "values": [{"value": 0.0, "step": null, "ts": 1730743079.1076834}]}, "version": 122}
{"obj": {"type": "LogFloats", "path": ["training", "train_loss_epoch"], "values": [{"value": 0.7745958566665649, "step": null, "ts": 1730743080.0377457}]}, "version": 123}
{"obj": {"type": "LogFloats", "path": ["training", "train_acc_epoch"], "values": [{"value": 0.48750001192092896, "step": null, "ts": 1730743080.043887}]}, "version": 124}
{"obj": {"type": "LogFloats", "path": ["training", "epoch"], "values": [{"value": 0.0, "step": null, "ts": 1730743080.048963}]}, "version": 125}
{"obj": {"type": "LogFloats", "path": ["training", "lr-AdamW"], "values": [{"value": 5e-05, "step": null, "ts": 1730743086.219461}]}, "version": 126}
{"obj": {"type": "LogFloats", "path": ["training", "train_loss_step"], "values": [{"value": 0.5929441452026367, "step": null, "ts": 1730743086.5074315}]}, "version": 127}
{"obj": {"type": "LogFloats", "path": ["training", "train_acc_step"], "values": [{"value": 1.0, "step": null, "ts": 1730743086.5123143}]}, "version": 128}
{"obj": {"type": "LogFloats", "path": ["training", "epoch"], "values": [{"value": 1.0, "step": null, "ts": 1730743086.5169983}]}, "version": 129}
{"obj": {"type": "LogFloats", "path": ["training", "lr-AdamW"], "values": [{"value": 5e-05, "step": null, "ts": 1730743101.6952715}]}, "version": 130}
{"obj": {"type": "LogFloats", "path": ["training", "train_loss_step"], "values": [{"value": 0.6313059329986572, "step": null, "ts": 1730743101.9822147}]}, "version": 131}
{"obj": {"type": "LogFloats", "path": ["training", "train_acc_step"], "values": [{"value": 1.0, "step": null, "ts": 1730743101.9873648}]}, "version": 132}
{"obj": {"type": "LogFloats", "path": ["training", "epoch"], "values": [{"value": 1.0, "step": null, "ts": 1730743101.9941597}]}, "version": 133}
{"obj": {"type": "LogFloats", "path": ["training", "valid_acc"], "values": [{"value": 1.0, "step": null, "ts": 1730743126.0054944}]}, "version": 134}
{"obj": {"type": "LogFloats", "path": ["training", "valid_balacc"], "values": [{"value": 1.0, "step": null, "ts": 1730743126.00747}]}, "version": 135}
{"obj": {"type": "LogFloats", "path": ["training", "valid_AUROC"], "values": [{"value": 0.0, "step": null, "ts": 1730743126.0088475}]}, "version": 136}
{"obj": {"type": "LogFloats", "path": ["training", "test_acc"], "values": [{"value": 1.0, "step": null, "ts": 1730743126.010168}]}, "version": 137}
{"obj": {"type": "LogFloats", "path": ["training", "test_balacc"], "values": [{"value": 1.0, "step": null, "ts": 1730743126.0114665}]}, "version": 138}
{"obj": {"type": "LogFloats", "path": ["training", "test_AUROC"], "values": [{"value": 0.0, "step": null, "ts": 1730743126.0127993}]}, "version": 139}
{"obj": {"type": "LogFloats", "path": ["training", "epoch"], "values": [{"value": 1.0, "step": null, "ts": 1730743126.0141487}]}, "version": 140}
{"obj": {"type": "LogFloats", "path": ["training", "train_loss_epoch"], "values": [{"value": 0.7092388272285461, "step": null, "ts": 1730743126.4042988}]}, "version": 141}
{"obj": {"type": "LogFloats", "path": ["training", "train_acc_epoch"], "values": [{"value": 0.48124998807907104, "step": null, "ts": 1730743126.4056244}]}, "version": 142}
{"obj": {"type": "LogFloats", "path": ["training", "epoch"], "values": [{"value": 1.0, "step": null, "ts": 1730743126.4067476}]}, "version": 143}
{"obj": {"type": "LogFloats", "path": ["training", "lr-AdamW"], "values": [{"value": 5e-05, "step": null, "ts": 1730743140.0127623}]}, "version": 144}
{"obj": {"type": "LogFloats", "path": ["training", "train_loss_step"], "values": [{"value": 1.0522494316101074, "step": null, "ts": 1730743140.24576}]}, "version": 145}
{"obj": {"type": "LogFloats", "path": ["training", "train_acc_step"], "values": [{"value": 0.25, "step": null, "ts": 1730743140.2562482}]}, "version": 146}
{"obj": {"type": "LogFloats", "path": ["training", "epoch"], "values": [{"value": 2.0, "step": null, "ts": 1730743140.261806}]}, "version": 147}
{"obj": {"type": "AssignString", "path": ["training", "status"], "value": "failed"}, "version": 148}
{"obj": {"type": "AssignString", "path": ["training", "status"], "value": "failed"}, "version": 149}
